<?xml version="1.0" encoding="UTF-8"?>
<!-- Generated by org.testng.reporters.JUnitReportReporter -->
<testsuite hostname="LAPTOP-N4M2LGVB" failures="0" tests="2" name="com.leaftap.leads.ui.cases.EditLeadTest" time="41.479" errors="0" timestamp="2022-11-26T23:35:44 IST" skipped="0">
  <testcase classname="com.leaftap.leads.ui.cases.EditLeadTest" name="editLead" time="13.837"/>
  <system-out/>
  <testcase classname="com.leaftap.leads.ui.cases.EditLeadTest" name="editLead" time="27.642"/>
  <system-out/>
</testsuite> <!-- com.leaftap.leads.ui.cases.EditLeadTest -->
