<?xml version="1.0" encoding="UTF-8"?>
<!-- Generated by org.testng.reporters.JUnitReportReporter -->
<testsuite hostname="LAPTOP-N4M2LGVB" failures="0" tests="1" name="com.leaftap.leads.ui.cases.MergeLeadTest" time="33.739" errors="0" timestamp="2022-11-27T15:32:24 IST" skipped="0">
  <testcase classname="com.leaftap.leads.ui.cases.MergeLeadTest" name="mergeLead" time="33.739"/>
  <system-out/>
</testsuite> <!-- com.leaftap.leads.ui.cases.MergeLeadTest -->
