<?xml version="1.0" encoding="UTF-8"?>
<!-- Generated by org.testng.reporters.JUnitReportReporter -->
<testsuite hostname="LAPTOP-N4M2LGVB" failures="0" tests="2" name="com.leaftap.leads.ui.cases.CreateLeadTest" time="58.540" errors="0" timestamp="2022-11-26T23:35:44 IST" skipped="0">
  <testcase classname="com.leaftap.leads.ui.cases.CreateLeadTest" name="createLead" time="27.426"/>
  <system-out/>
  <testcase classname="com.leaftap.leads.ui.cases.CreateLeadTest" name="createLead" time="31.114"/>
  <system-out/>
</testsuite> <!-- com.leaftap.leads.ui.cases.CreateLeadTest -->
